<?xml version="1.0" encoding="UTF-8" ?>
<testsuite tests="1" failures="0" name="com.xyz.util.DateUtilTest" time="0.02" errors="0" skipped="0">
  <properties>
    <property name="java.runtime.name" value="Java(TM) SE Runtime Environment"/>
    <property name="sun.boot.library.path" value="/Library/Java/JavaVirtualMachines/jdk1.8.0_101.jdk/Contents/Home/jre/lib"/>
    <property name="java.vm.version" value="25.101-b13"/>
    <property name="gopherProxySet" value="false"/>
    <property name="java.vm.vendor" value="Oracle Corporation"/>
    <property name="java.vendor.url" value="http://java.oracle.com/"/>
    <property name="path.separator" value=":"/>
    <property name="java.vm.name" value="Java HotSpot(TM) 64-Bit Server VM"/>
    <property name="file.encoding.pkg" value="sun.io"/>
    <property name="user.country" value="FR"/>
    <property name="sun.java.launcher" value="SUN_STANDARD"/>
    <property name="sun.os.patch.level" value="unknown"/>
    <property name="java.vm.specification.name" value="Java Virtual Machine Specification"/>
    <property name="user.dir" value="/Users/ademola/Desktop/ECLIPSE/workspace/multi-app/util"/>
    <property name="java.runtime.version" value="1.8.0_101-b13"/>
    <property name="java.awt.graphicsenv" value="sun.awt.CGraphicsEnvironment"/>
    <property name="basedir" value="/Users/ademola/Desktop/ECLIPSE/workspace/multi-app/util"/>
    <property name="java.endorsed.dirs" value="/Library/Java/JavaVirtualMachines/jdk1.8.0_101.jdk/Contents/Home/jre/lib/endorsed"/>
    <property name="os.arch" value="x86_64"/>
    <property name="surefire.real.class.path" value="/Users/ademola/Desktop/ECLIPSE/workspace/multi-app/util/target/surefire/surefirebooter4704929095331400560.jar:/Users/ademola/Desktop/LOGICIELS/apache-maven-3.2.3/repository/org/jacoco/org.jacoco.agent/0.7.6.201602180812/org.jacoco.agent-0.7.6.201602180812-runtime.jar"/>
    <property name="java.io.tmpdir" value="/var/folders/1k/vm007j315t199csq9l1x6lqh0000gn/T/"/>
    <property name="line.separator" value="
"/>
    <property name="java.vm.specification.vendor" value="Oracle Corporation"/>
    <property name="os.name" value="Mac OS X"/>
    <property name="sun.jnu.encoding" value="UTF-8"/>
    <property name="java.library.path" value="/Users/ademola/Library/Java/Extensions:/Library/Java/Extensions:/Network/Library/Java/Extensions:/System/Library/Java/Extensions:/usr/lib/java:."/>
    <property name="surefire.test.class.path" value="/Users/ademola/Desktop/ECLIPSE/workspace/multi-app/util/target/test-classes:/Users/ademola/Desktop/ECLIPSE/workspace/multi-app/util/target/generated-classes/cobertura:/Users/ademola/Desktop/LOGICIELS/apache-maven-3.2.3/repository/junit/junit/4.12/junit-4.12.jar:/Users/ademola/Desktop/LOGICIELS/apache-maven-3.2.3/repository/org/hamcrest/hamcrest-core/1.3/hamcrest-core-1.3.jar:/Users/ademola/Desktop/LOGICIELS/apache-maven-3.2.3/repository/commons-lang/commons-lang/2.4/commons-lang-2.4.jar:/Users/ademola/Desktop/LOGICIELS/apache-maven-3.2.3/repository/net/sourceforge/cobertura/cobertura/2.1.1/cobertura-2.1.1.jar:/Users/ademola/Desktop/LOGICIELS/apache-maven-3.2.3/repository/jaxen/jaxen/1.1.4/jaxen-1.1.4.jar:/Users/ademola/Desktop/LOGICIELS/apache-maven-3.2.3/repository/org/apache/ant/ant/1.8.3/ant-1.8.3.jar:/Users/ademola/Desktop/LOGICIELS/apache-maven-3.2.3/repository/org/apache/ant/ant-launcher/1.8.3/ant-launcher-1.8.3.jar:/Users/ademola/Desktop/LOGICIELS/apache-maven-3.2.3/repository/org/apache/ant/ant-junit/1.8.3/ant-junit-1.8.3.jar:/Users/ademola/Desktop/LOGICIELS/apache-maven-3.2.3/repository/org/mortbay/jetty/servlet-api-2.5/6.1.14/servlet-api-2.5-6.1.14.jar:/Users/ademola/Desktop/LOGICIELS/apache-maven-3.2.3/repository/org/mortbay/jetty/jetty/6.1.14/jetty-6.1.14.jar:/Users/ademola/Desktop/LOGICIELS/apache-maven-3.2.3/repository/org/mortbay/jetty/jetty-util/6.1.14/jetty-util-6.1.14.jar:/Library/Java/JavaVirtualMachines/jdk1.8.0_101.jdk/Contents/Home/jre/../lib/tools.jar:/Users/ademola/Desktop/LOGICIELS/apache-maven-3.2.3/repository/org/slf4j/slf4j-api/1.7.5/slf4j-api-1.7.5.jar:/Users/ademola/Desktop/LOGICIELS/apache-maven-3.2.3/repository/ch/qos/logback/logback-classic/1.0.13/logback-classic-1.0.13.jar:/Users/ademola/Desktop/LOGICIELS/apache-maven-3.2.3/repository/ch/qos/logback/logback-core/1.0.13/logback-core-1.0.13.jar:/Users/ademola/Desktop/LOGICIELS/apache-maven-3.2.3/repository/org/apache/commons/commons-lang3/3.3.2/commons-lang3-3.3.2.jar:"/>
    <property name="java.specification.name" value="Java Platform API Specification"/>
    <property name="java.class.version" value="52.0"/>
    <property name="sun.management.compiler" value="HotSpot 64-Bit Tiered Compilers"/>
    <property name="os.version" value="10.10.5"/>
    <property name="http.nonProxyHosts" value="local|*.local|169.254/16|*.169.254/16"/>
    <property name="user.home" value="/Users/ademola"/>
    <property name="user.timezone" value="Europe/Paris"/>
    <property name="java.awt.printerjob" value="sun.lwawt.macosx.CPrinterJob"/>
    <property name="java.specification.version" value="1.8"/>
    <property name="file.encoding" value="UTF-8"/>
    <property name="user.name" value="ademola"/>
    <property name="java.class.path" value="/Users/ademola/Desktop/ECLIPSE/workspace/multi-app/util/target/test-classes:/Users/ademola/Desktop/ECLIPSE/workspace/multi-app/util/target/generated-classes/cobertura:/Users/ademola/Desktop/LOGICIELS/apache-maven-3.2.3/repository/junit/junit/4.12/junit-4.12.jar:/Users/ademola/Desktop/LOGICIELS/apache-maven-3.2.3/repository/org/hamcrest/hamcrest-core/1.3/hamcrest-core-1.3.jar:/Users/ademola/Desktop/LOGICIELS/apache-maven-3.2.3/repository/commons-lang/commons-lang/2.4/commons-lang-2.4.jar:/Users/ademola/Desktop/LOGICIELS/apache-maven-3.2.3/repository/net/sourceforge/cobertura/cobertura/2.1.1/cobertura-2.1.1.jar:/Users/ademola/Desktop/LOGICIELS/apache-maven-3.2.3/repository/jaxen/jaxen/1.1.4/jaxen-1.1.4.jar:/Users/ademola/Desktop/LOGICIELS/apache-maven-3.2.3/repository/org/apache/ant/ant/1.8.3/ant-1.8.3.jar:/Users/ademola/Desktop/LOGICIELS/apache-maven-3.2.3/repository/org/apache/ant/ant-launcher/1.8.3/ant-launcher-1.8.3.jar:/Users/ademola/Desktop/LOGICIELS/apache-maven-3.2.3/repository/org/apache/ant/ant-junit/1.8.3/ant-junit-1.8.3.jar:/Users/ademola/Desktop/LOGICIELS/apache-maven-3.2.3/repository/org/mortbay/jetty/servlet-api-2.5/6.1.14/servlet-api-2.5-6.1.14.jar:/Users/ademola/Desktop/LOGICIELS/apache-maven-3.2.3/repository/org/mortbay/jetty/jetty/6.1.14/jetty-6.1.14.jar:/Users/ademola/Desktop/LOGICIELS/apache-maven-3.2.3/repository/org/mortbay/jetty/jetty-util/6.1.14/jetty-util-6.1.14.jar:/Library/Java/JavaVirtualMachines/jdk1.8.0_101.jdk/Contents/Home/jre/../lib/tools.jar:/Users/ademola/Desktop/LOGICIELS/apache-maven-3.2.3/repository/org/slf4j/slf4j-api/1.7.5/slf4j-api-1.7.5.jar:/Users/ademola/Desktop/LOGICIELS/apache-maven-3.2.3/repository/ch/qos/logback/logback-classic/1.0.13/logback-classic-1.0.13.jar:/Users/ademola/Desktop/LOGICIELS/apache-maven-3.2.3/repository/ch/qos/logback/logback-core/1.0.13/logback-core-1.0.13.jar:/Users/ademola/Desktop/LOGICIELS/apache-maven-3.2.3/repository/org/apache/commons/commons-lang3/3.3.2/commons-lang3-3.3.2.jar:"/>
    <property name="java.vm.specification.version" value="1.8"/>
    <property name="sun.arch.data.model" value="64"/>
    <property name="java.home" value="/Library/Java/JavaVirtualMachines/jdk1.8.0_101.jdk/Contents/Home/jre"/>
    <property name="sun.java.command" value="/Users/ademola/Desktop/ECLIPSE/workspace/multi-app/util/target/surefire/surefirebooter4704929095331400560.jar /Users/ademola/Desktop/ECLIPSE/workspace/multi-app/util/target/surefire/surefire8933830449434068416tmp /Users/ademola/Desktop/ECLIPSE/workspace/multi-app/util/target/surefire/surefire5447973040582669420tmp"/>
    <property name="java.specification.vendor" value="Oracle Corporation"/>
    <property name="user.language" value="fr"/>
    <property name="awt.toolkit" value="sun.lwawt.macosx.LWCToolkit"/>
    <property name="java.vm.info" value="mixed mode"/>
    <property name="java.version" value="1.8.0_101"/>
    <property name="java.ext.dirs" value="/Users/ademola/Library/Java/Extensions:/Library/Java/JavaVirtualMachines/jdk1.8.0_101.jdk/Contents/Home/jre/lib/ext:/Library/Java/Extensions:/Network/Library/Java/Extensions:/System/Library/Java/Extensions:/usr/lib/java"/>
    <property name="sun.boot.class.path" value="/Library/Java/JavaVirtualMachines/jdk1.8.0_101.jdk/Contents/Home/jre/lib/resources.jar:/Library/Java/JavaVirtualMachines/jdk1.8.0_101.jdk/Contents/Home/jre/lib/rt.jar:/Library/Java/JavaVirtualMachines/jdk1.8.0_101.jdk/Contents/Home/jre/lib/sunrsasign.jar:/Library/Java/JavaVirtualMachines/jdk1.8.0_101.jdk/Contents/Home/jre/lib/jsse.jar:/Library/Java/JavaVirtualMachines/jdk1.8.0_101.jdk/Contents/Home/jre/lib/jce.jar:/Library/Java/JavaVirtualMachines/jdk1.8.0_101.jdk/Contents/Home/jre/lib/charsets.jar:/Library/Java/JavaVirtualMachines/jdk1.8.0_101.jdk/Contents/Home/jre/lib/jfr.jar:/Library/Java/JavaVirtualMachines/jdk1.8.0_101.jdk/Contents/Home/jre/classes"/>
    <property name="java.vendor" value="Oracle Corporation"/>
    <property name="localRepository" value="/Users/ademola/Desktop/LOGICIELS/apache-maven-3.2.3/repository"/>
    <property name="file.separator" value="/"/>
    <property name="java.vendor.url.bug" value="http://bugreport.sun.com/bugreport/"/>
    <property name="sun.cpu.endian" value="little"/>
    <property name="sun.io.unicode.encoding" value="UnicodeBig"/>
    <property name="socksNonProxyHosts" value="local|*.local|169.254/16|*.169.254/16"/>
    <property name="ftp.nonProxyHosts" value="local|*.local|169.254/16|*.169.254/16"/>
    <property name="sun.cpu.isalist" value=""/>
  </properties>
  <testcase classname="com.xyz.util.DateUtilTest" name="testGetToday" time="0.019"/>
</testsuite>